<?xml version="1.0" encoding="UTF-8"?>
<testsuite name="TestNullableTypes" tests="5" skipped="0" failures="0" errors="0" timestamp="2024-09-12T04:43:56" hostname="10-252-178-18.student.trincoll.edu" time="0.005">
  <properties/>
  <testcase name="everythingIsOk" classname="TestNullableTypes" time="0.003"/>
  <testcase name="noClient" classname="TestNullableTypes" time="0.001"/>
  <testcase name="noMessage" classname="TestNullableTypes" time="0.0"/>
  <testcase name="noPersonalInfo" classname="TestNullableTypes" time="0.001"/>
  <testcase name="noEmail" classname="TestNullableTypes" time="0.0"/>
  <system-out><![CDATA[]]></system-out>
  <system-err><![CDATA[]]></system-err>
</testsuite>
