<?xml version="1.0" encoding="UTF-8"?>
<testsuite name="Test" tests="1" skipped="0" failures="0" errors="0" timestamp="2024-09-12T04:22:57" hostname="10-252-178-18.student.trincoll.edu" time="0.002">
  <properties/>
  <testcase name="testSolution" classname="Test" time="0.002"/>
  <system-out><![CDATA[]]></system-out>
  <system-err><![CDATA[]]></system-err>
</testsuite>
