<?xml version="1.0" encoding="UTF-8"?>
<testsuite name="TestLambdas" tests="2" skipped="0" failures="0" errors="0" timestamp="2024-09-12T04:50:21" hostname="10-252-178-18.student.trincoll.edu" time="0.014">
  <properties/>
  <testcase name="contains" classname="TestLambdas" time="0.013"/>
  <testcase name="notContains" classname="TestLambdas" time="0.0"/>
  <system-out><![CDATA[]]></system-out>
  <system-err><![CDATA[]]></system-err>
</testsuite>
